The system is: Windows - 10.0.18362 - AMD64
Compiling the C compiler identification source file "CMakeCCompilerId.c" succeeded.
Compiler: C:/Program Files (x86)/Microsoft Visual Studio/2019/Community/VC/Tools/MSVC/14.24.28314/bin/HostX64/x64/cl.exe 
Build flags: 
Id flags:  

The output was:
0
用于 x64 的 Microsoft (R) C/C++ 优化编译器 19.24.28314 版
版权所有(C) Microsoft Corporation。保留所有权利。

CMakeCCompilerId.c
Microsoft (R) Incremental Linker Version 14.24.28314.0
Copyright (C) Microsoft Corporation.  All rights reserved.

/out:CMakeCCompilerId.exe 
CMakeCCompilerId.obj 


Compilation of the C compiler identification source "CMakeCCompilerId.c" produced "CMakeCCompilerId.exe"

Compilation of the C compiler identification source "CMakeCCompilerId.c" produced "CMakeCCompilerId.obj"

The C compiler identification is MSVC, found in "D:/ShapeLabEmpty/ShapeLabEmpty/eigen3/out/build/x64-Debug/CMakeFiles/3.15.19101501-MSVC_2/CompilerIdC/CMakeCCompilerId.exe"

Compiling the CXX compiler identification source file "CMakeCXXCompilerId.cpp" succeeded.
Compiler: C:/Program Files (x86)/Microsoft Visual Studio/2019/Community/VC/Tools/MSVC/14.24.28314/bin/HostX64/x64/cl.exe 
Build flags: 
Id flags:  

The output was:
0
用于 x64 的 Microsoft (R) C/C++ 优化编译器 19.24.28314 版
版权所有(C) Microsoft Corporation。保留所有权利。

CMakeCXXCompilerId.cpp
Microsoft (R) Incremental Linker Version 14.24.28314.0
Copyright (C) Microsoft Corporation.  All rights reserved.

/out:CMakeCXXCompilerId.exe 
CMakeCXXCompilerId.obj 


Compilation of the CXX compiler identification source "CMakeCXXCompilerId.cpp" produced "CMakeCXXCompilerId.exe"

Compilation of the CXX compiler identification source "CMakeCXXCompilerId.cpp" produced "CMakeCXXCompilerId.obj"

The CXX compiler identification is MSVC, found in "D:/ShapeLabEmpty/ShapeLabEmpty/eigen3/out/build/x64-Debug/CMakeFiles/3.15.19101501-MSVC_2/CompilerIdCXX/CMakeCXXCompilerId.exe"

Determining if the C compiler works passed with the following output:
Change Dir: D:/ShapeLabEmpty/ShapeLabEmpty/eigen3/out/build/x64-Debug/CMakeFiles/CMakeTmp

Run Build Command(s):C:/Program Files (x86)/Microsoft Visual Studio/2019/Community/Common7/IDE/CommonExtensions/Microsoft/CMake/Ninja/ninja.exe cmTC_dc5e2 && [1/2] Building C object CMakeFiles\cmTC_dc5e2.dir\testCCompiler.c.obj
[2/2] Linking C executable cmTC_dc5e2.exe



Detecting C compiler ABI info compiled with the following output:
Change Dir: D:/ShapeLabEmpty/ShapeLabEmpty/eigen3/out/build/x64-Debug/CMakeFiles/CMakeTmp

Run Build Command(s):C:/Program Files (x86)/Microsoft Visual Studio/2019/Community/Common7/IDE/CommonExtensions/Microsoft/CMake/Ninja/ninja.exe cmTC_d56b8 && [1/2] Building C object CMakeFiles\cmTC_d56b8.dir\CMakeCCompilerABI.c.obj
[2/2] Linking C executable cmTC_d56b8.exe



Determining if the CXX compiler works passed with the following output:
Change Dir: D:/ShapeLabEmpty/ShapeLabEmpty/eigen3/out/build/x64-Debug/CMakeFiles/CMakeTmp

Run Build Command(s):C:/Program Files (x86)/Microsoft Visual Studio/2019/Community/Common7/IDE/CommonExtensions/Microsoft/CMake/Ninja/ninja.exe cmTC_f170c && [1/2] Building CXX object CMakeFiles\cmTC_f170c.dir\testCXXCompiler.cxx.obj
[2/2] Linking CXX executable cmTC_f170c.exe



Detecting CXX compiler ABI info compiled with the following output:
Change Dir: D:/ShapeLabEmpty/ShapeLabEmpty/eigen3/out/build/x64-Debug/CMakeFiles/CMakeTmp

Run Build Command(s):C:/Program Files (x86)/Microsoft Visual Studio/2019/Community/Common7/IDE/CommonExtensions/Microsoft/CMake/Ninja/ninja.exe cmTC_dfcdb && [1/2] Building CXX object CMakeFiles\cmTC_dfcdb.dir\CMakeCXXCompilerABI.cpp.obj
[2/2] Linking CXX executable cmTC_dfcdb.exe



Performing C++ SOURCE FILE Test standard_math_library_linked_to_automatically succeeded with the following output:
Change Dir: D:/ShapeLabEmpty/ShapeLabEmpty/eigen3/out/build/x64-Debug/CMakeFiles/CMakeTmp

Run Build Command(s):C:/Program Files (x86)/Microsoft Visual Studio/2019/Community/Common7/IDE/CommonExtensions/Microsoft/CMake/Ninja/ninja.exe cmTC_20694 && [1/2] Building CXX object CMakeFiles\cmTC_20694.dir\src.cxx.obj
src.cxx(2): warning C4834: 放弃具有 "nodiscard" 属性的函数的返回值
[2/2] Linking CXX executable cmTC_20694.exe


Source file was:
#include<cmath>
int main() { std::sin(0.0); std::log(0.0f); }
Performing C++ SOURCE FILE Test COMPILER_SUPPORT_OPENMP succeeded with the following output:
Change Dir: D:/ShapeLabEmpty/ShapeLabEmpty/eigen3/out/build/x64-Debug/CMakeFiles/CMakeTmp

Run Build Command(s):C:/Program Files (x86)/Microsoft Visual Studio/2019/Community/Common7/IDE/CommonExtensions/Microsoft/CMake/Ninja/ninja.exe cmTC_2d226 && [1/2] Building CXX object CMakeFiles\cmTC_2d226.dir\src.cxx.obj
[2/2] Linking CXX executable cmTC_2d226.exe


Source file was:
int main() { return 0; }
Performing C++ SOURCE FILE Test COMPILER_SUPPORT_FPFAST succeeded with the following output:
Change Dir: D:/ShapeLabEmpty/ShapeLabEmpty/eigen3/out/build/x64-Debug/CMakeFiles/CMakeTmp

Run Build Command(s):C:/Program Files (x86)/Microsoft Visual Studio/2019/Community/Common7/IDE/CommonExtensions/Microsoft/CMake/Ninja/ninja.exe cmTC_eabce && [1/2] Building CXX object CMakeFiles\cmTC_eabce.dir\src.cxx.obj
[2/2] Linking CXX executable cmTC_eabce.exe


Source file was:
int main() { return 0; }
